# Logfile created on 2014-02-16 02:30:49 -0800 by logger.rb/v1.2.7
I, [2014-02-16T02:30:49.595069 #3121]  INFO -- : 0:  RedCloth (4.2.9) from /Users/pawels/.rbenv/versions/2.0.0-dev/lib/ruby/gems/2.0.0/specifications/RedCloth-4.2.9.gemspec
I, [2014-02-16T02:30:49.595884 #3121]  INFO -- : 0:  blankslate (2.1.2.4) from /Users/pawels/.rbenv/versions/2.0.0-dev/lib/ruby/gems/2.0.0/specifications/blankslate-2.1.2.4.gemspec
I, [2014-02-16T02:30:49.596242 #3121]  INFO -- : 0:  fast-stemmer (1.0.2) from /Users/pawels/.rbenv/versions/2.0.0-dev/lib/ruby/gems/2.0.0/specifications/fast-stemmer-1.0.2.gemspec
I, [2014-02-16T02:30:49.596516 #3121]  INFO -- : 0:  classifier (1.3.4) from /Users/pawels/.rbenv/versions/2.0.0-dev/lib/ruby/gems/2.0.0/specifications/classifier-1.3.4.gemspec
I, [2014-02-16T02:30:49.596793 #3121]  INFO -- : 0:  colorator (0.1) from /Users/pawels/.rbenv/versions/2.0.0-dev/lib/ruby/gems/2.0.0/specifications/colorator-0.1.gemspec
I, [2014-02-16T02:30:49.597061 #3121]  INFO -- : 0:  highline (1.6.20) from /Users/pawels/.rbenv/versions/2.0.0-dev/lib/ruby/gems/2.0.0/specifications/highline-1.6.20.gemspec
I, [2014-02-16T02:30:49.597308 #3121]  INFO -- : 0:  commander (4.1.6) from /Users/pawels/.rbenv/versions/2.0.0-dev/lib/ruby/gems/2.0.0/specifications/commander-4.1.6.gemspec
I, [2014-02-16T02:30:55.525509 #3121]  INFO -- : 0:  ffi (1.9.3) from /Users/pawels/.rbenv/versions/2.0.0-dev/lib/ruby/gems/2.0.0/specifications/ffi-1.9.3.gemspec
I, [2014-02-16T02:30:55.526083 #3121]  INFO -- : 0:  liquid (2.5.5) from /Users/pawels/.rbenv/versions/2.0.0-dev/lib/ruby/gems/2.0.0/specifications/liquid-2.5.5.gemspec
I, [2014-02-16T02:30:55.526422 #3121]  INFO -- : 0:  rb-fsevent (0.9.4) from /Users/pawels/.rbenv/versions/2.0.0-dev/lib/ruby/gems/2.0.0/specifications/rb-fsevent-0.9.4.gemspec
I, [2014-02-16T02:30:56.311228 #3121]  INFO -- : 0:  rb-inotify (0.9.3) from /Users/pawels/.rbenv/versions/2.0.0-dev/lib/ruby/gems/2.0.0/specifications/rb-inotify-0.9.3.gemspec
I, [2014-02-16T02:30:56.311614 #3121]  INFO -- : 0:  rb-kqueue (0.2.0) from /Users/pawels/.rbenv/versions/2.0.0-dev/lib/ruby/gems/2.0.0/specifications/rb-kqueue-0.2.0.gemspec
I, [2014-02-16T02:30:56.311895 #3121]  INFO -- : 0:  listen (1.3.1) from /Users/pawels/.rbenv/versions/2.0.0-dev/lib/ruby/gems/2.0.0/specifications/listen-1.3.1.gemspec
I, [2014-02-16T02:30:56.312160 #3121]  INFO -- : 0:  maruku (0.7.0) from /Users/pawels/.rbenv/versions/2.0.0-dev/lib/ruby/gems/2.0.0/specifications/maruku-0.7.0.gemspec
I, [2014-02-16T02:30:56.312420 #3121]  INFO -- : 0:  posix-spawn (0.3.8) from /Users/pawels/.rbenv/versions/2.0.0-dev/lib/ruby/gems/2.0.0/specifications/posix-spawn-0.3.8.gemspec
I, [2014-02-16T02:30:56.312682 #3121]  INFO -- : 0:  yajl-ruby (1.1.0) from /Users/pawels/.rbenv/versions/2.0.0-dev/lib/ruby/gems/2.0.0/specifications/yajl-ruby-1.1.0.gemspec
I, [2014-02-16T02:30:56.312931 #3121]  INFO -- : 0:  pygments.rb (0.5.4) from /Users/pawels/.rbenv/versions/2.0.0-dev/lib/ruby/gems/2.0.0/specifications/pygments.rb-0.5.4.gemspec
I, [2014-02-16T02:30:56.313183 #3121]  INFO -- : 0:  redcarpet (2.3.0) from /Users/pawels/.rbenv/versions/2.0.0-dev/lib/ruby/gems/2.0.0/specifications/redcarpet-2.3.0.gemspec
I, [2014-02-16T02:30:56.313437 #3121]  INFO -- : 0:  safe_yaml (0.9.7) from /Users/pawels/.rbenv/versions/2.0.0-dev/lib/ruby/gems/2.0.0/specifications/safe_yaml-0.9.7.gemspec
I, [2014-02-16T02:30:56.313686 #3121]  INFO -- : 0:  parslet (1.5.0) from /Users/pawels/.rbenv/versions/2.0.0-dev/lib/ruby/gems/2.0.0/specifications/parslet-1.5.0.gemspec
I, [2014-02-16T02:30:56.313939 #3121]  INFO -- : 0:  toml (0.1.0) from /Users/pawels/.rbenv/versions/2.0.0-dev/lib/ruby/gems/2.0.0/specifications/toml-0.1.0.gemspec
I, [2014-02-16T02:30:56.314185 #3121]  INFO -- : 0:  jekyll (1.4.3) from /Users/pawels/.rbenv/versions/2.0.0-dev/lib/ruby/gems/2.0.0/specifications/jekyll-1.4.3.gemspec
I, [2014-02-16T02:30:56.314433 #3121]  INFO -- : 0:  kramdown (1.3.1) from /Users/pawels/.rbenv/versions/2.0.0-dev/lib/ruby/gems/2.0.0/specifications/kramdown-1.3.1.gemspec
I, [2014-02-16T02:30:56.314678 #3121]  INFO -- : 0:  rdiscount (2.1.7) from /Users/pawels/.rbenv/versions/2.0.0-dev/lib/ruby/gems/2.0.0/specifications/rdiscount-2.1.7.gemspec
I, [2014-02-16T02:30:56.314932 #3121]  INFO -- : 0:  github-pages (15) from /Users/pawels/.rbenv/versions/2.0.0-dev/lib/ruby/gems/2.0.0/specifications/github-pages-15.gemspec
I, [2014-02-16T02:30:56.315145 #3121]  INFO -- : 0:  bundler (1.5.1) from /Users/pawels/.rbenv/versions/2.0.0-dev/lib/ruby/gems/2.0.0/specifications/bundler-1.5.1.gemspec
I, [2014-02-16T02:58:27.740426 #4542]  INFO -- : 0:  RedCloth (4.2.9) from /Users/pawels/.rbenv/versions/2.0.0-dev/lib/ruby/gems/2.0.0/specifications/RedCloth-4.2.9.gemspec
I, [2014-02-16T02:58:27.740838 #4542]  INFO -- : 0:  blankslate (2.1.2.4) from /Users/pawels/.rbenv/versions/2.0.0-dev/lib/ruby/gems/2.0.0/specifications/blankslate-2.1.2.4.gemspec
I, [2014-02-16T02:58:27.741110 #4542]  INFO -- : 0:  fast-stemmer (1.0.2) from /Users/pawels/.rbenv/versions/2.0.0-dev/lib/ruby/gems/2.0.0/specifications/fast-stemmer-1.0.2.gemspec
I, [2014-02-16T02:58:27.741380 #4542]  INFO -- : 0:  classifier (1.3.4) from /Users/pawels/.rbenv/versions/2.0.0-dev/lib/ruby/gems/2.0.0/specifications/classifier-1.3.4.gemspec
I, [2014-02-16T02:58:27.741647 #4542]  INFO -- : 0:  colorator (0.1) from /Users/pawels/.rbenv/versions/2.0.0-dev/lib/ruby/gems/2.0.0/specifications/colorator-0.1.gemspec
I, [2014-02-16T02:58:27.741932 #4542]  INFO -- : 0:  highline (1.6.20) from /Users/pawels/.rbenv/versions/2.0.0-dev/lib/ruby/gems/2.0.0/specifications/highline-1.6.20.gemspec
I, [2014-02-16T02:58:27.742196 #4542]  INFO -- : 0:  commander (4.1.6) from /Users/pawels/.rbenv/versions/2.0.0-dev/lib/ruby/gems/2.0.0/specifications/commander-4.1.6.gemspec
I, [2014-02-16T02:58:27.742457 #4542]  INFO -- : 0:  ffi (1.9.3) from /Users/pawels/.rbenv/versions/2.0.0-dev/lib/ruby/gems/2.0.0/specifications/ffi-1.9.3.gemspec
I, [2014-02-16T02:58:27.742730 #4542]  INFO -- : 0:  liquid (2.5.5) from /Users/pawels/.rbenv/versions/2.0.0-dev/lib/ruby/gems/2.0.0/specifications/liquid-2.5.5.gemspec
I, [2014-02-16T02:58:27.743014 #4542]  INFO -- : 0:  rb-fsevent (0.9.4) from /Users/pawels/.rbenv/versions/2.0.0-dev/lib/ruby/gems/2.0.0/specifications/rb-fsevent-0.9.4.gemspec
I, [2014-02-16T02:58:27.743288 #4542]  INFO -- : 0:  rb-inotify (0.9.3) from /Users/pawels/.rbenv/versions/2.0.0-dev/lib/ruby/gems/2.0.0/specifications/rb-inotify-0.9.3.gemspec
I, [2014-02-16T02:58:27.743558 #4542]  INFO -- : 0:  rb-kqueue (0.2.0) from /Users/pawels/.rbenv/versions/2.0.0-dev/lib/ruby/gems/2.0.0/specifications/rb-kqueue-0.2.0.gemspec
I, [2014-02-16T02:58:27.743820 #4542]  INFO -- : 0:  listen (1.3.1) from /Users/pawels/.rbenv/versions/2.0.0-dev/lib/ruby/gems/2.0.0/specifications/listen-1.3.1.gemspec
I, [2014-02-16T02:58:27.744086 #4542]  INFO -- : 0:  maruku (0.7.0) from /Users/pawels/.rbenv/versions/2.0.0-dev/lib/ruby/gems/2.0.0/specifications/maruku-0.7.0.gemspec
I, [2014-02-16T02:58:27.744352 #4542]  INFO -- : 0:  posix-spawn (0.3.8) from /Users/pawels/.rbenv/versions/2.0.0-dev/lib/ruby/gems/2.0.0/specifications/posix-spawn-0.3.8.gemspec
I, [2014-02-16T02:58:27.744601 #4542]  INFO -- : 0:  yajl-ruby (1.1.0) from /Users/pawels/.rbenv/versions/2.0.0-dev/lib/ruby/gems/2.0.0/specifications/yajl-ruby-1.1.0.gemspec
I, [2014-02-16T02:58:27.744847 #4542]  INFO -- : 0:  pygments.rb (0.5.4) from /Users/pawels/.rbenv/versions/2.0.0-dev/lib/ruby/gems/2.0.0/specifications/pygments.rb-0.5.4.gemspec
I, [2014-02-16T02:58:27.745093 #4542]  INFO -- : 0:  redcarpet (2.3.0) from /Users/pawels/.rbenv/versions/2.0.0-dev/lib/ruby/gems/2.0.0/specifications/redcarpet-2.3.0.gemspec
I, [2014-02-16T02:58:27.745354 #4542]  INFO -- : 0:  safe_yaml (0.9.7) from /Users/pawels/.rbenv/versions/2.0.0-dev/lib/ruby/gems/2.0.0/specifications/safe_yaml-0.9.7.gemspec
I, [2014-02-16T02:58:27.745600 #4542]  INFO -- : 0:  parslet (1.5.0) from /Users/pawels/.rbenv/versions/2.0.0-dev/lib/ruby/gems/2.0.0/specifications/parslet-1.5.0.gemspec
I, [2014-02-16T02:58:27.745862 #4542]  INFO -- : 0:  toml (0.1.0) from /Users/pawels/.rbenv/versions/2.0.0-dev/lib/ruby/gems/2.0.0/specifications/toml-0.1.0.gemspec
I, [2014-02-16T02:58:27.746131 #4542]  INFO -- : 0:  jekyll (1.4.3) from /Users/pawels/.rbenv/versions/2.0.0-dev/lib/ruby/gems/2.0.0/specifications/jekyll-1.4.3.gemspec
I, [2014-02-16T02:58:27.746380 #4542]  INFO -- : 0:  kramdown (1.3.1) from /Users/pawels/.rbenv/versions/2.0.0-dev/lib/ruby/gems/2.0.0/specifications/kramdown-1.3.1.gemspec
I, [2014-02-16T02:58:27.746647 #4542]  INFO -- : 0:  rdiscount (2.1.7) from /Users/pawels/.rbenv/versions/2.0.0-dev/lib/ruby/gems/2.0.0/specifications/rdiscount-2.1.7.gemspec
I, [2014-02-16T02:58:27.746918 #4542]  INFO -- : 0:  github-pages (15) from /Users/pawels/.rbenv/versions/2.0.0-dev/lib/ruby/gems/2.0.0/specifications/github-pages-15.gemspec
I, [2014-02-16T02:58:27.747146 #4542]  INFO -- : 0:  bundler (1.5.1) from /Users/pawels/.rbenv/versions/2.0.0-dev/lib/ruby/gems/2.0.0/specifications/bundler-1.5.1.gemspec
